{"message":"12 keys loaded","level":"info"}
{"message":"Connected","level":"info"}
{"message":"Logged in as: Profiler - (534873280209879040)","level":"info"}
{"message":"Prefix is [p+]","level":"info"}
{"message":"Received command p+help","level":"verbose"}
{"message":"Storing: [222384905206759424-225729950689263627],{[id: 225729950689263627],[guild: 222384905206759424]}","level":"verbose"}
{"message":"Command is [help]","level":"verbose"}
{"message":"Arguments are []","level":"verbose"}
{"message":"Key is [222384905206759424-225729950689263627]","level":"verbose"}
{"message":"Received command p+platform","level":"verbose"}
{"message":"Storing: [222384905206759424-225729950689263627],{[id: 225729950689263627],[guild: 222384905206759424]}","level":"verbose"}
{"message":"Command is [platform]","level":"verbose"}
{"message":"Arguments are []","level":"verbose"}
{"message":"Key is [222384905206759424-225729950689263627]","level":"verbose"}
{"message":"Didn't understand command","level":"verbose"}
{"message":"Received command p+xbox Primordial G00","level":"verbose"}
{"message":"Received command p+xbox Primordial G00","level":"verbose"}
{"message":"Storing: [222384905206759424-225729950689263627],{[id: 225729950689263627],[guild: 222384905206759424]}","level":"verbose"}
{"message":"Command is [xbox]","level":"verbose"}
{"message":"Arguments are [Primordial,G00]","level":"verbose"}
{"message":"Key is [222384905206759424-225729950689263627]","level":"verbose"}
{"message":"xbox command entered","level":"verbose"}
{"message":"xbox gamertag is: Primordial G00","level":"verbose"}
{"message":"Storing: [222384905206759424-225729950689263627],[xbox: Primordial G00]","level":"verbose"}
{"message":"Received command p+help","level":"verbose"}
{"message":"Storing: [222384905206759424-225729950689263627],{[id: 225729950689263627],[guild: 222384905206759424]}","level":"verbose"}
{"message":"Command is [help]","level":"verbose"}
{"message":"Arguments are []","level":"verbose"}
{"message":"Key is [222384905206759424-225729950689263627]","level":"verbose"}
{"message":"Received command p+description Xbox gamer that plays about anything other than sports.","level":"verbose"}
{"message":"Storing: [222384905206759424-225729950689263627],{[id: 225729950689263627],[guild: 222384905206759424]}","level":"verbose"}
{"message":"Command is [description]","level":"verbose"}
{"message":"Arguments are [Xbox,gamer,that,plays,about,anything,other,than,sports.]","level":"verbose"}
{"message":"Key is [222384905206759424-225729950689263627]","level":"verbose"}
{"message":"Description command entered","level":"verbose"}
{"message":"Description is: Xbox gamer that plays about anything other than sports.","level":"verbose"}
{"message":"Storing: [222384905206759424-225729950689263627],[description: Xbox gamer that plays about anything other than sports.]","level":"verbose"}
{"message":"Received command p+help","level":"verbose"}
{"message":"Storing: [222384905206759424-261064792205164544],{[id: 261064792205164544],[guild: 222384905206759424]}","level":"verbose"}
{"message":"Command is [help]","level":"verbose"}
{"message":"Arguments are []","level":"verbose"}
{"message":"Key is [222384905206759424-261064792205164544]","level":"verbose"}
{"message":"Received command p+xbox ProfessorPluto","level":"verbose"}
{"message":"Storing: [222384905206759424-261064792205164544],{[id: 261064792205164544],[guild: 222384905206759424]}","level":"verbose"}
{"message":"Command is [xbox]","level":"verbose"}
{"message":"Arguments are [ProfessorPluto]","level":"verbose"}
{"message":"Key is [222384905206759424-261064792205164544]","level":"verbose"}
{"message":"xbox command entered","level":"verbose"}
{"message":"xbox gamertag is: ProfessorPluto","level":"verbose"}
{"message":"Storing: [222384905206759424-261064792205164544],[xbox: ProfessorPluto]","level":"verbose"}
